<?xml version='1.0' encoding='UTF-8'?>
<hotspot_log version='160 1' process='908' time_ms='1327665704683'>
<vm_version>
<name>
Java HotSpot(TM) Client VM
</name>
<release>
21.0-b12-fastdebug
</release>
<info>
Java HotSpot(TM) Client VM (21.0-b12-fastdebug) for windows-x86 JRE (1.7.0-ea-fastdebug-b142), built on May 12 2011 01:36:54 by &quot;java_re&quot; with unknown MS VC++:1600
</info>
</vm_version>
<vm_arguments>
<args>
-Dfile.encoding=Cp1252 
</args>
<command>
com.schlimm.bytecode.InvokeDynamicClassGenerator
</command>
<launcher>
SUN_STANDARD
</launcher>
<properties>
java.vm.specification.name=Java Virtual Machine Specification
java.vm.version=21.0-b12-fastdebug
java.vm.name=Java HotSpot(TM) Client VM
java.vm.info=mixed mode, sharing
java.ext.dirs=E:\dev_home\java-7-0-debug\jre\lib\ext;C:\WINDOWS\Sun\Java\lib\ext
java.endorsed.dirs=E:\dev_home\java-7-0-debug\jre\lib\endorsed
sun.boot.library.path=E:\dev_home\java-7-0-debug\jre\bin
java.library.path=E:\dev_home\java-7-0-debug\bin;.;C:\WINDOWS\Sun\Java\bin;C:\WINDOWS\system32;C:\WINDOWS;e:\dev_home\maven-3.0.3\bin;e:\dev_home\java-7-1\bin;C:\WINDOWS\system32;C:\WINDOWS;C:\WINDOWS\System32\Wbem;C:\Programme\IBM\Personal Communications\;C:\Programme\IBM\Trace Facility\;C:\Programme\RationalRoseJEdition\common;C:\Programme\Oracle\jre\1.1.8\bin;C:\Programme\oracle\ora92\bin;C:\Programme\ProPheT\isiscomm\w3\lib;c:\programme\Java\jre1.6.0_26\bin;c:\Dokumente und Einstellungen\pd05417.PROVINZIAL\.vmwebclient\Java\bin
java.home=E:\dev_home\java-7-0-debug\jre
java.class.path=E:\dev_home\repositories\git\playground\bytecode-playground\target\test-classes;E:\dev_home\repositories\git\playground\bytecode-playground\target\classes;C:\Dokumente und Einstellungen\pd05417\.m2\repository\asm\asm-all\4.0\asm-all-4.0.jar;C:\Dokumente und Einstellungen\pd05417\.m2\repository\junit\junit\3.8.1\junit-3.8.1.jar
sun.boot.class.path=E:\dev_home\java-7-0-debug\jre\lib\resources.jar;E:\dev_home\java-7-0-debug\jre\lib\rt.jar;E:\dev_home\java-7-0-debug\jre\lib\sunrsasign.jar;E:\dev_home\java-7-0-debug\jre\lib\jsse.jar;E:\dev_home\java-7-0-debug\jre\lib\jce.jar;E:\dev_home\java-7-0-debug\jre\lib\charsets.jar;E:\dev_home\java-7-0-debug\jre\classes
java.vm.specification.vendor=Oracle Corporation
java.vm.specification.version=1.7
java.vm.vendor=Oracle Corporation
file.encoding=Cp1252
sun.java.command=com.schlimm.bytecode.InvokeDynamicClassGenerator
sun.java.launcher=SUN_STANDARD
</properties>
</vm_arguments>
<tty>
<writer thread='452'/>
C1 Runtime statistics:
 _resolve_invoke_virtual_cnt:     0
 _resolve_invoke_opt_virtual_cnt: 5
 _resolve_invoke_static_cnt:      0
 _handle_wrong_method_cnt:        0
 _ic_miss_cnt:                    0
 _generic_arraycopy_cnt:          0
 _generic_arraycopystub_cnt:      0
 _byte_arraycopy_cnt:             0
 _short_arraycopy_cnt:            0
 _int_arraycopy_cnt:              0
 _long_arraycopy_cnt:             0
 _primitive_arraycopy_cnt:        0
 _oop_arraycopy_cnt (C):          0
 _oop_arraycopy_cnt (stub):       0
 _arraycopy_slowcase_cnt:         0
 _arraycopy_checkcast_cnt:        0
 _arraycopy_checkcast_attempt_cnt:0
 _new_type_array_slowcase_cnt:    0
 _new_object_array_slowcase_cnt:  0
 _new_instance_slowcase_cnt:      0
 _new_multi_array_slowcase_cnt:   0
 _monitorenter_slowcase_cnt:      0
 _monitorexit_slowcase_cnt:       0
 _patch_code_slowcase_cnt:        0
 _throw_range_check_exception_count:            0:
 _throw_index_exception_count:                  0:
 _throw_div0_exception_count:                   0:
 _throw_null_pointer_exception_count:           0:
 _throw_class_cast_exception_count:             0:
 _throw_incompatible_class_change_error_count:  0:
 _throw_array_store_exception_count:            0:
 _throw_count:                                  0:

<statistics type='nmethod'>
Statistics for 14 bytecoded nmethods:
 total in heap  = 21760
 relocation     = 1660
 main code      = 6768
 stub code      = 968
 oops           = 92
 scopes data    = 2884
 scopes pcs     = 5952
 dependencies   = 56
 nul chk table  = 400
Debug Data Chunks: 510, shared 53+86, non-SP&apos;s elided 8
PcDesc Statistics:  15 queries, 8.93 comparisons per query
  caches=14 queries=15/0, hits=0+2, tests=38+96, adds=13
</statistics>
<writer thread='2576'/>
<destroy_vm stamp='0.236'/>
<tty_done stamp='0.252'/>
</tty>
<hotspot_log_done stamp='0.252'/>
</hotspot_log>
