#
# A fatal error has been detected by the Java Runtime Environment:
#
#  Internal Error (c:\jdk7_32p\jdk7\hotspot\src\share\vm\runtime/stackValue.hpp:64), pid=1956, tid=2704
#  assert(type() == T_OBJECT) failed: type check
#
# JRE version: 7.0-b142
# Java VM: Java HotSpot(TM) Client VM (21.0-b12-fastdebug mixed mode windows-x86 )
# Failed to write core dump. Minidumps are not enabled by default on client versions of Windows
#
# If you would like to submit a bug report, please visit:
#   http://bugreport.sun.com/bugreport/crash.jsp
#

---------------  T H R E A D  ---------------

Current thread (0x02dab000):  VMThread [stack: 0x02f60000,0x02fb0000] [id=2704]

Stack: [0x02f60000,0x02fb0000],  sp=0x02faf9f4,  free space=318k
Native frames: (J=compiled Java code, j=interpreted, Vv=VM code, C=native code)
V  [jvm.dll+0x23d451]
V  [jvm.dll+0x235d25]
V  [jvm.dll+0x203433]
V  [jvm.dll+0x195840]
V  [jvm.dll+0x21a1cd]
V  [jvm.dll+0x218e74]
V  [jvm.dll+0x219290]
V  [jvm.dll+0x219ade]
V  [jvm.dll+0x251004]
C  [msvcr100.dll+0x5c6de]  endthreadex+0x3a
C  [msvcr100.dll+0x5c788]  endthreadex+0xe4
C  [kernel32.dll+0xb729]  GetModuleFileNameA+0x1ba

VM_Operation (0x031afaec): GetOrSetLocal, mode: safepoint, requested by thread 0x02e4e800


---------------  P R O C E S S  ---------------

Java Threads: ( => current thread )
  0x02e61000 JavaThread "Service Thread" daemon [_thread_blocked, id=3016, stack(0x03350000,0x033a0000)]
  0x02e5dc00 JavaThread "C1 CompilerThread0" daemon [_thread_blocked, id=2200, stack(0x03250000,0x03350000)]
  0x02e54000 JavaThread "JDWP Command Reader" daemon [_thread_in_native, id=756, stack(0x03200000,0x03250000)]
  0x02e51c00 JavaThread "JDWP Event Helper Thread" daemon [_thread_blocked, id=3216, stack(0x031b0000,0x03200000)]
  0x02e4e800 JavaThread "JDWP Transport Listener: dt_socket" daemon [_thread_blocked, id=3972, stack(0x03160000,0x031b0000)]
  0x02e3b800 JavaThread "Attach Listener" daemon [_thread_blocked, id=3072, stack(0x030a0000,0x030f0000)]
  0x02e3a000 JavaThread "Signal Dispatcher" daemon [_thread_blocked, id=2232, stack(0x03050000,0x030a0000)]
  0x02dbc400 JavaThread "Finalizer" daemon [_thread_blocked, id=244, stack(0x03000000,0x03050000)]
  0x02db6800 JavaThread "Reference Handler" daemon [_thread_blocked, id=2632, stack(0x02fb0000,0x03000000)]
  0x00869c00 JavaThread "main" [_thread_blocked, id=2488, stack(0x00950000,0x009a0000)]

Other Threads:
=>0x02dab000 VMThread [stack: 0x02f60000,0x02fb0000] [id=2704]
  0x02e77800 WatcherThread [stack: 0x033a0000,0x033f0000] [id=2012]

VM state:at safepoint (normal execution)

VM Mutex/Monitor currently owned by a thread:  ([mutex/lock_event])
[0x00a84390] Threads_lock - owner thread: 0x02dab000

Heap
 def new generation   total 4928K, used 1165K [0x10040000, 0x10590000, 0x15590000)
  eden space 4416K,  26% used [0x10040000, 0x101635d8, 0x10490000)
  from space 512K,   0% used [0x10490000, 0x10490000, 0x10510000)
  to   space 512K,   0% used [0x10510000, 0x10510000, 0x10590000)
 tenured generation   total 10944K, used 0K [0x15590000, 0x16040000, 0x20040000)
   the space 10944K,   0% used [0x15590000, 0x15590000, 0x15590200, 0x16040000)
 compacting perm gen  total 12288K, used 4252K [0x20040000, 0x20c40000, 0x24040000)
   the space 12288K,  34% used [0x20040000, 0x204671c8, 0x20467200, 0x20c40000)
No shared spaces configured.

Code Cache  [0x00ba0000, 0x00ca8000, 0x02ba0000)
 total_blobs=180 nmethods=31 adapters=92 free_code_cache=31722Kb largest_free_block=32484032

Dynamic libraries:
0x00400000 - 0x00435000 	E:\dev_home\java-7-0-debug\bin\javaw.exe
0x7c910000 - 0x7c9c9000 	C:\WINDOWS\system32\ntdll.dll
0x7c800000 - 0x7c908000 	C:\WINDOWS\system32\kernel32.dll
0x77da0000 - 0x77e4a000 	C:\WINDOWS\system32\ADVAPI32.dll
0x77e50000 - 0x77ee3000 	C:\WINDOWS\system32\RPCRT4.dll
0x77fc0000 - 0x77fd1000 	C:\WINDOWS\system32\Secur32.dll
0x7e360000 - 0x7e3f1000 	C:\WINDOWS\system32\USER32.dll
0x77ef0000 - 0x77f39000 	C:\WINDOWS\system32\GDI32.dll
0x773a0000 - 0x774a3000 	C:\WINDOWS\WinSxS\x86_Microsoft.Windows.Common-Controls_6595b64144ccf1df_6.0.2600.5512_x-ww_35d4ce83\COMCTL32.dll
0x77be0000 - 0x77c38000 	C:\WINDOWS\system32\msvcrt.dll
0x77f40000 - 0x77fb6000 	C:\WINDOWS\system32\SHLWAPI.dll
0x76330000 - 0x7634d000 	C:\WINDOWS\system32\IMM32.DLL
0x10000000 - 0x1003b000 	C:\WINDOWS\system32\sxwmon32.dll
0x7e670000 - 0x7ee91000 	C:\WINDOWS\system32\SHELL32.dll
0x774b0000 - 0x775ed000 	C:\WINDOWS\system32\ole32.dll
0x78aa0000 - 0x78b5e000 	E:\dev_home\java-7-0-debug\jre\bin\msvcr100.dll
0x08000000 - 0x0861f000 	E:\dev_home\java-7-0-debug\jre\bin\client\jvm.dll
0x71a30000 - 0x71a3a000 	C:\WINDOWS\system32\WSOCK32.dll
0x71a10000 - 0x71a27000 	C:\WINDOWS\system32\WS2_32.dll
0x71a00000 - 0x71a08000 	C:\WINDOWS\system32\WS2HELP.dll
0x76af0000 - 0x76b1e000 	C:\WINDOWS\system32\WINMM.dll
0x009a0000 - 0x009b1000 	E:\dev_home\java-7-0-debug\jre\bin\verify.dll
0x009c0000 - 0x009e8000 	E:\dev_home\java-7-0-debug\jre\bin\java.dll
0x76bb0000 - 0x76bbb000 	C:\WINDOWS\system32\PSAPI.DLL
0x00a10000 - 0x00a59000 	E:\dev_home\java-7-0-debug\jre\bin\jdwp.dll
0x00a60000 - 0x00a67000 	E:\dev_home\java-7-0-debug\jre\bin\npt.dll
0x00b80000 - 0x00b9e000 	E:\dev_home\java-7-0-debug\jre\bin\zip.dll
0x030f0000 - 0x030f8000 	E:\dev_home\java-7-0-debug\jre\bin\dt_socket.dll
0x719b0000 - 0x719f0000 	C:\WINDOWS\System32\mswsock.dll
0x76ee0000 - 0x76f07000 	C:\WINDOWS\system32\DNSAPI.dll
0x76d20000 - 0x76d39000 	C:\WINDOWS\system32\iphlpapi.dll
0x76f70000 - 0x76f78000 	C:\WINDOWS\System32\winrnr.dll
0x76f20000 - 0x76f4d000 	C:\WINDOWS\system32\WLDAP32.dll
0x76f80000 - 0x76f86000 	C:\WINDOWS\system32\rasadhlp.dll
0x66710000 - 0x66769000 	C:\WINDOWS\system32\hnetcfg.dll
0x719f0000 - 0x719f8000 	C:\WINDOWS\System32\wshtcpip.dll
0x037f0000 - 0x0380e000 	E:\dev_home\java-7-0-debug\jre\bin\net.dll
0x03810000 - 0x03821000 	E:\dev_home\java-7-0-debug\jre\bin\nio.dll

VM Arguments:
jvm_args: -agentlib:jdwp=transport=dt_socket,suspend=y,address=localhost:3054 -Dfile.encoding=Cp1252 
java_command: com.schlimm.java7.invokedynamic.InvokeScriptFunction
Launcher Type: SUN_STANDARD

Environment Variables:
JAVA_HOME=e:\dev_home\java-7-1
PATH=E:\dev_home\java-7-0-debug\jre\bin;e:\dev_home\maven-3.0.3\bin;e:\dev_home\java-7-1\bin;C:\WINDOWS\system32;C:\WINDOWS;C:\WINDOWS\System32\Wbem;C:\Programme\IBM\Personal Communications\;C:\Programme\IBM\Trace Facility\;C:\Programme\RationalRoseJEdition\common;C:\Programme\Oracle\jre\1.1.8\bin;C:\Programme\oracle\ora92\bin;C:\Programme\ProPheT\isiscomm\w3\lib;c:\programme\Java\jre1.6.0_26\bin;c:\Dokumente und Einstellungen\pd05417.PROVINZIAL\.vmwebclient\Java\bin
USERNAME=pd05417
OS=Windows_NT
PROCESSOR_IDENTIFIER=x86 Family 6 Model 23 Stepping 10, GenuineIntel



---------------  S Y S T E M  ---------------

OS: Windows XP Build 2600 Service Pack 3

CPU:total 2 (2 cores per cpu, 1 threads per core) family 6 model 23 stepping 10, cmov, cx8, fxsr, mmx, sse, sse2, sse3, ssse3, sse4.1

Memory: 4k page, physical 3109988k(1416040k free), swap 5039196k(3189948k free)

vm_info: Java HotSpot(TM) Client VM (21.0-b12-fastdebug) for windows-x86 JRE (1.7.0-ea-fastdebug-b142), built on May 12 2011 01:36:54 by "java_re" with unknown MS VC++:1600

time: Wed Jan 25 16:25:21 2012
elapsed time: 6 seconds

